<?xml version="1.0" encoding="UTF-8"?>
<!-- Generated by org.testng.reporters.JUnitReportReporter -->
<testsuite skipped="0" hostname="DESKTOP-9BMLCIN" name="Dnld_File" tests="1" failures="0" timestamp="22 Nov 2018 04:59:02 GMT" time="14.217" errors="0">
  <testcase name="downloadFileTest" time="14.217" classname="Dnld_File"/>
</testsuite> <!-- Dnld_File -->
