<?xml version="1.0" encoding="UTF-8"?>
<!-- Generated by org.testng.reporters.JUnitReportReporter -->
<testsuite skipped="0" hostname="DESKTOP-9BMLCIN" name="Dnld_File" tests="1" failures="0" timestamp="20 Nov 2018 10:20:39 GMT" time="46.851" errors="0">
  <testcase name="downloadFileTest" time="46.851" classname="Dnld_File"/>
</testsuite> <!-- Dnld_File -->
